This file contains any messages produced by compilers while
running configure, to aid debugging if configure makes a mistake.

It was created by cgminer configure 2.7.4, which was
generated by GNU Autoconf 2.69.  Invocation command line was

  $ ./configure --enable-cpumining --enable-icarus --enable-scrypt

## --------- ##
## Platform. ##
## --------- ##

hostname = pengpeng-desktop
uname -m = i686
uname -r = 2.6.38-8-generic
uname -s = Linux
uname -v = #42-Ubuntu SMP Mon Apr 11 03:31:50 UTC 2011

/usr/bin/uname -p = unknown
/bin/uname -X     = unknown

/bin/arch              = unknown
/usr/bin/arch -k       = unknown
/usr/convex/getsysinfo = unknown
/usr/bin/hostinfo      = unknown
/bin/machine           = unknown
/usr/bin/oslevel       = unknown
/bin/universe          = unknown

PATH: /usr/local/sbin
PATH: /usr/local/bin
PATH: /usr/sbin
PATH: /usr/bin
PATH: /sbin
PATH: /bin
PATH: /usr/games


## ----------- ##
## Core tests. ##
## ----------- ##

configure:2770: checking build system type
configure:2784: result: i686-pc-linux-gnu
configure:2804: checking host system type
configure:2817: result: i686-pc-linux-gnu
configure:2837: checking target system type
configure:2850: result: i686-pc-linux-gnu
configure:2898: checking for a BSD-compatible install
configure:2966: result: /usr/bin/install -c
configure:2977: checking whether build environment is sane
configure:3032: result: yes
configure:3183: checking for a thread-safe mkdir -p
configure:3222: result: /bin/mkdir -p
configure:3230: checking for gawk
configure:3260: result: no
configure:3230: checking for mawk
configure:3246: found /usr/bin/mawk
configure:3257: result: mawk
configure:3268: checking whether make sets $(MAKE)
configure:3290: result: yes
configure:3387: checking whether make supports nested variables
configure:3404: result: yes
configure:3427: checking for style of include used by make
configure:3455: result: GNU
configure:3526: checking for gcc
configure:3542: found /usr/bin/gcc
configure:3553: result: gcc
configure:3782: checking for C compiler version
configure:3791: gcc --version >&5
gcc (Ubuntu/Linaro 4.5.2-8ubuntu4) 4.5.2
Copyright (C) 2010 Free Software Foundation, Inc.
This is free software; see the source for copying conditions.  There is NO
warranty; not even for MERCHANTABILITY or FITNESS FOR A PARTICULAR PURPOSE.

configure:3802: $? = 0
configure:3791: gcc -v >&5
Using built-in specs.
COLLECT_GCC=gcc
COLLECT_LTO_WRAPPER=/usr/lib/i386-linux-gnu/gcc/i686-linux-gnu/4.5.2/lto-wrapper
Target: i686-linux-gnu
Configured with: ../src/configure -v --with-pkgversion='Ubuntu/Linaro 4.5.2-8ubuntu4' --with-bugurl=file:///usr/share/doc/gcc-4.5/README.Bugs --enable-languages=c,c++,fortran,objc,obj-c++ --prefix=/usr --program-suffix=-4.5 --enable-shared --enable-multiarch --with-multiarch-defaults=i386-linux-gnu --enable-linker-build-id --with-system-zlib --libexecdir=/usr/lib/i386-linux-gnu --without-included-gettext --enable-threads=posix --with-gxx-include-dir=/usr/include/c++/4.5 --libdir=/usr/lib/i386-linux-gnu --enable-nls --with-sysroot=/ --enable-clocale=gnu --enable-libstdcxx-debug --enable-libstdcxx-time=yes --enable-plugin --enable-gold --enable-ld=default --with-plugin-ld=ld.gold --enable-objc-gc --enable-targets=all --disable-werror --with-arch-32=i686 --with-tune=generic --enable-checking=release --build=i686-linux-gnu --host=i686-linux-gnu --target=i686-linux-gnu
Thread model: posix
gcc version 4.5.2 (Ubuntu/Linaro 4.5.2-8ubuntu4) 
configure:3802: $? = 0
configure:3791: gcc -V >&5
gcc: '-V' option must have argument
configure:3802: $? = 1
configure:3791: gcc -qversion >&5
gcc: unrecognized option '-qversion'
gcc: no input files
configure:3802: $? = 1
configure:3822: checking whether the C compiler works
configure:3844: gcc    conftest.c  >&5
configure:3848: $? = 0
configure:3896: result: yes
configure:3899: checking for C compiler default output file name
configure:3901: result: a.out
configure:3907: checking for suffix of executables
configure:3914: gcc -o conftest    conftest.c  >&5
configure:3918: $? = 0
configure:3940: result: 
configure:3962: checking whether we are cross compiling
configure:3970: gcc -o conftest    conftest.c  >&5
configure:3974: $? = 0
configure:3981: ./conftest
configure:3985: $? = 0
configure:4000: result: no
configure:4005: checking for suffix of object files
configure:4027: gcc -c   conftest.c >&5
configure:4031: $? = 0
configure:4052: result: o
configure:4056: checking whether we are using the GNU C compiler
configure:4075: gcc -c   conftest.c >&5
configure:4075: $? = 0
configure:4084: result: yes
configure:4093: checking whether gcc accepts -g
configure:4113: gcc -c -g  conftest.c >&5
configure:4113: $? = 0
configure:4154: result: yes
configure:4171: checking for gcc option to accept ISO C89
configure:4234: gcc  -c -g -O2  conftest.c >&5
configure:4234: $? = 0
configure:4247: result: none needed
configure:4269: checking dependency style of gcc
configure:4380: result: gcc3
configure:4401: checking how to run the C preprocessor
configure:4432: gcc -E  conftest.c
configure:4432: $? = 0
configure:4446: gcc -E  conftest.c
conftest.c:11:28: fatal error: ac_nonexistent.h: No such file or directory
compilation terminated.
configure:4446: $? = 1
configure: failed program was:
| /* confdefs.h */
| #define PACKAGE_NAME "cgminer"
| #define PACKAGE_TARNAME "cgminer"
| #define PACKAGE_VERSION "2.7.4"
| #define PACKAGE_STRING "cgminer 2.7.4"
| #define PACKAGE_BUGREPORT "kernel@kolivas.org"
| #define PACKAGE_URL ""
| #define PACKAGE "cgminer"
| #define VERSION "2.7.4"
| /* end confdefs.h.  */
| #include <ac_nonexistent.h>
configure:4471: result: gcc -E
configure:4491: gcc -E  conftest.c
configure:4491: $? = 0
configure:4505: gcc -E  conftest.c
conftest.c:11:28: fatal error: ac_nonexistent.h: No such file or directory
compilation terminated.
configure:4505: $? = 1
configure: failed program was:
| /* confdefs.h */
| #define PACKAGE_NAME "cgminer"
| #define PACKAGE_TARNAME "cgminer"
| #define PACKAGE_VERSION "2.7.4"
| #define PACKAGE_STRING "cgminer 2.7.4"
| #define PACKAGE_BUGREPORT "kernel@kolivas.org"
| #define PACKAGE_URL ""
| #define PACKAGE "cgminer"
| #define VERSION "2.7.4"
| /* end confdefs.h.  */
| #include <ac_nonexistent.h>
configure:4534: checking for grep that handles long lines and -e
configure:4592: result: /bin/grep
configure:4597: checking for egrep
configure:4659: result: /bin/grep -E
configure:4664: checking for ANSI C header files
configure:4684: gcc -c -g -O2  conftest.c >&5
configure:4684: $? = 0
configure:4757: gcc -o conftest -g -O2   conftest.c  >&5
configure:4757: $? = 0
configure:4757: ./conftest
configure:4757: $? = 0
configure:4768: result: yes
configure:4781: checking for sys/types.h
configure:4781: gcc -c -g -O2  conftest.c >&5
configure:4781: $? = 0
configure:4781: result: yes
configure:4781: checking for sys/stat.h
configure:4781: gcc -c -g -O2  conftest.c >&5
configure:4781: $? = 0
configure:4781: result: yes
configure:4781: checking for stdlib.h
configure:4781: gcc -c -g -O2  conftest.c >&5
configure:4781: $? = 0
configure:4781: result: yes
configure:4781: checking for string.h
configure:4781: gcc -c -g -O2  conftest.c >&5
configure:4781: $? = 0
configure:4781: result: yes
configure:4781: checking for memory.h
configure:4781: gcc -c -g -O2  conftest.c >&5
configure:4781: $? = 0
configure:4781: result: yes
configure:4781: checking for strings.h
configure:4781: gcc -c -g -O2  conftest.c >&5
configure:4781: $? = 0
configure:4781: result: yes
configure:4781: checking for inttypes.h
configure:4781: gcc -c -g -O2  conftest.c >&5
configure:4781: $? = 0
configure:4781: result: yes
configure:4781: checking for stdint.h
configure:4781: gcc -c -g -O2  conftest.c >&5
configure:4781: $? = 0
configure:4781: result: yes
configure:4781: checking for unistd.h
configure:4781: gcc -c -g -O2  conftest.c >&5
configure:4781: $? = 0
configure:4781: result: yes
configure:4796: checking minix/config.h usability
configure:4796: gcc -c -g -O2  conftest.c >&5
conftest.c:54:26: fatal error: minix/config.h: No such file or directory
compilation terminated.
configure:4796: $? = 1
configure: failed program was:
| /* confdefs.h */
| #define PACKAGE_NAME "cgminer"
| #define PACKAGE_TARNAME "cgminer"
| #define PACKAGE_VERSION "2.7.4"
| #define PACKAGE_STRING "cgminer 2.7.4"
| #define PACKAGE_BUGREPORT "kernel@kolivas.org"
| #define PACKAGE_URL ""
| #define PACKAGE "cgminer"
| #define VERSION "2.7.4"
| #define STDC_HEADERS 1
| #define HAVE_SYS_TYPES_H 1
| #define HAVE_SYS_STAT_H 1
| #define HAVE_STDLIB_H 1
| #define HAVE_STRING_H 1
| #define HAVE_MEMORY_H 1
| #define HAVE_STRINGS_H 1
| #define HAVE_INTTYPES_H 1
| #define HAVE_STDINT_H 1
| #define HAVE_UNISTD_H 1
| /* end confdefs.h.  */
| #include <stdio.h>
| #ifdef HAVE_SYS_TYPES_H
| # include <sys/types.h>
| #endif
| #ifdef HAVE_SYS_STAT_H
| # include <sys/stat.h>
| #endif
| #ifdef STDC_HEADERS
| # include <stdlib.h>
| # include <stddef.h>
| #else
| # ifdef HAVE_STDLIB_H
| #  include <stdlib.h>
| # endif
| #endif
| #ifdef HAVE_STRING_H
| # if !defined STDC_HEADERS && defined HAVE_MEMORY_H
| #  include <memory.h>
| # endif
| # include <string.h>
| #endif
| #ifdef HAVE_STRINGS_H
| # include <strings.h>
| #endif
| #ifdef HAVE_INTTYPES_H
| # include <inttypes.h>
| #endif
| #ifdef HAVE_STDINT_H
| # include <stdint.h>
| #endif
| #ifdef HAVE_UNISTD_H
| # include <unistd.h>
| #endif
| #include <minix/config.h>
configure:4796: result: no
configure:4796: checking minix/config.h presence
configure:4796: gcc -E  conftest.c
conftest.c:21:26: fatal error: minix/config.h: No such file or directory
compilation terminated.
configure:4796: $? = 1
configure: failed program was:
| /* confdefs.h */
| #define PACKAGE_NAME "cgminer"
| #define PACKAGE_TARNAME "cgminer"
| #define PACKAGE_VERSION "2.7.4"
| #define PACKAGE_STRING "cgminer 2.7.4"
| #define PACKAGE_BUGREPORT "kernel@kolivas.org"
| #define PACKAGE_URL ""
| #define PACKAGE "cgminer"
| #define VERSION "2.7.4"
| #define STDC_HEADERS 1
| #define HAVE_SYS_TYPES_H 1
| #define HAVE_SYS_STAT_H 1
| #define HAVE_STDLIB_H 1
| #define HAVE_STRING_H 1
| #define HAVE_MEMORY_H 1
| #define HAVE_STRINGS_H 1
| #define HAVE_INTTYPES_H 1
| #define HAVE_STDINT_H 1
| #define HAVE_UNISTD_H 1
| /* end confdefs.h.  */
| #include <minix/config.h>
configure:4796: result: no
configure:4796: checking for minix/config.h
configure:4796: result: no
configure:4825: checking whether it is safe to define __EXTENSIONS__
configure:4843: gcc -c -g -O2  conftest.c >&5
configure:4843: $? = 0
configure:4850: result: yes
configure:4897: checking whether to enable maintainer-specific portions of Makefiles
configure:4906: result: no
configure:4968: checking for gcc
configure:4995: result: gcc
configure:5224: checking for C compiler version
configure:5233: gcc --version >&5
gcc (Ubuntu/Linaro 4.5.2-8ubuntu4) 4.5.2
Copyright (C) 2010 Free Software Foundation, Inc.
This is free software; see the source for copying conditions.  There is NO
warranty; not even for MERCHANTABILITY or FITNESS FOR A PARTICULAR PURPOSE.

configure:5244: $? = 0
configure:5233: gcc -v >&5
Using built-in specs.
COLLECT_GCC=gcc
COLLECT_LTO_WRAPPER=/usr/lib/i386-linux-gnu/gcc/i686-linux-gnu/4.5.2/lto-wrapper
Target: i686-linux-gnu
Configured with: ../src/configure -v --with-pkgversion='Ubuntu/Linaro 4.5.2-8ubuntu4' --with-bugurl=file:///usr/share/doc/gcc-4.5/README.Bugs --enable-languages=c,c++,fortran,objc,obj-c++ --prefix=/usr --program-suffix=-4.5 --enable-shared --enable-multiarch --with-multiarch-defaults=i386-linux-gnu --enable-linker-build-id --with-system-zlib --libexecdir=/usr/lib/i386-linux-gnu --without-included-gettext --enable-threads=posix --with-gxx-include-dir=/usr/include/c++/4.5 --libdir=/usr/lib/i386-linux-gnu --enable-nls --with-sysroot=/ --enable-clocale=gnu --enable-libstdcxx-debug --enable-libstdcxx-time=yes --enable-plugin --enable-gold --enable-ld=default --with-plugin-ld=ld.gold --enable-objc-gc --enable-targets=all --disable-werror --with-arch-32=i686 --with-tune=generic --enable-checking=release --build=i686-linux-gnu --host=i686-linux-gnu --target=i686-linux-gnu
Thread model: posix
gcc version 4.5.2 (Ubuntu/Linaro 4.5.2-8ubuntu4) 
configure:5244: $? = 0
configure:5233: gcc -V >&5
gcc: '-V' option must have argument
configure:5244: $? = 1
configure:5233: gcc -qversion >&5
gcc: unrecognized option '-qversion'
gcc: no input files
configure:5244: $? = 1
configure:5248: checking whether we are using the GNU C compiler
configure:5276: result: yes
configure:5285: checking whether gcc accepts -g
configure:5346: result: yes
configure:5363: checking for gcc option to accept ISO C89
configure:5439: result: none needed
configure:5461: checking dependency style of gcc
configure:5572: result: gcc3
configure:5630: checking for ranlib
configure:5646: found /usr/bin/ranlib
configure:5657: result: ranlib
configure:5705: checking whether gcc needs -traditional
configure:5739: result: no
configure:5747: checking whether gcc and cc understand -c and -o together
configure:5778: gcc -c conftest.c -o conftest2.o >&5
configure:5782: $? = 0
configure:5788: gcc -c conftest.c -o conftest2.o >&5
configure:5792: $? = 0
configure:5803: cc -c conftest.c >&5
configure:5807: $? = 0
configure:5815: cc -c conftest.c -o conftest2.o >&5
configure:5819: $? = 0
configure:5825: cc -c conftest.c -o conftest2.o >&5
configure:5829: $? = 0
configure:5847: result: yes
configure:5915: checking for ranlib
configure:5942: result: ranlib
configure:5979: checking sys/mman.h usability
configure:5979: gcc -c -g -O2  conftest.c >&5
configure:5979: $? = 0
configure:5979: result: yes
configure:5979: checking sys/mman.h presence
configure:5979: gcc -E  conftest.c
configure:5979: $? = 0
configure:5979: result: yes
configure:5979: checking for sys/mman.h
configure:5979: result: yes
configure:5979: checking wchar.h usability
configure:5979: gcc -c -g -O2  conftest.c >&5
configure:5979: $? = 0
configure:5979: result: yes
configure:5979: checking wchar.h presence
configure:5979: gcc -E  conftest.c
configure:5979: $? = 0
configure:5979: result: yes
configure:5979: checking for wchar.h
configure:5979: result: yes
configure:5979: checking for stdint.h
configure:5979: result: yes
configure:6000: checking for mprotect
configure:6000: gcc -o conftest -g -O2   conftest.c  >&5
configure:6000: $? = 0
configure:6000: result: yes
configure:6000: checking for sigaction
configure:6000: gcc -o conftest -g -O2   conftest.c  >&5
configure:6000: $? = 0
configure:6000: result: yes
configure:6000: checking for sigaltstack
configure:6000: gcc -o conftest -g -O2   conftest.c  >&5
configure:6000: $? = 0
configure:6000: result: yes
configure:6000: checking for siginterrupt
configure:6000: gcc -o conftest -g -O2   conftest.c  >&5
configure:6000: $? = 0
configure:6000: result: yes
configure:6091: checking for mmap
configure:6091: gcc -o conftest -g -O2   conftest.c  >&5
configure:6091: $? = 0
configure:6091: result: yes
configure:6102: checking for MAP_ANONYMOUS
configure:6139: result: yes
configure:6173: checking whether memchr works
configure:6236: gcc -o conftest -g -O2   conftest.c  >&5
configure:6236: $? = 0
configure:6236: ./conftest
configure:6236: $? = 0
configure:6246: result: yes
configure:6254: checking whether memmem is declared
configure:6254: gcc -c -g -O2  conftest.c >&5
configure:6254: $? = 0
configure:6254: result: yes
configure:6272: checking for memmem
configure:6272: gcc -o conftest -g -O2   conftest.c  >&5
configure:6272: $? = 0
configure:6272: result: yes
configure:6296: checking whether memmem works
configure:6360: gcc -o conftest -g -O2   conftest.c  >&5
configure:6360: $? = 0
configure:6360: ./conftest
configure:6360: $? = 0
configure:6371: result: yes
configure:6389: gcc -c -g -O2  conftest.c >&5
conftest.c:40:14: error: expected '=', ',', ';', 'asm' or '__attribute__' before 'a'
configure:6389: $? = 1
configure: failed program was:
| /* confdefs.h */
| #define PACKAGE_NAME "cgminer"
| #define PACKAGE_TARNAME "cgminer"
| #define PACKAGE_VERSION "2.7.4"
| #define PACKAGE_STRING "cgminer 2.7.4"
| #define PACKAGE_BUGREPORT "kernel@kolivas.org"
| #define PACKAGE_URL ""
| #define PACKAGE "cgminer"
| #define VERSION "2.7.4"
| #define STDC_HEADERS 1
| #define HAVE_SYS_TYPES_H 1
| #define HAVE_SYS_STAT_H 1
| #define HAVE_STDLIB_H 1
| #define HAVE_STRING_H 1
| #define HAVE_MEMORY_H 1
| #define HAVE_STRINGS_H 1
| #define HAVE_INTTYPES_H 1
| #define HAVE_STDINT_H 1
| #define HAVE_UNISTD_H 1
| #define __EXTENSIONS__ 1
| #define _ALL_SOURCE 1
| #define _GNU_SOURCE 1
| #define _POSIX_PTHREAD_SEMANTICS 1
| #define _TANDEM_SOURCE 1
| #define CGMINER_MAJOR_VERSION 2
| #define CGMINER_MINOR_VERSION 7
| #define CGMINER_MINOR_SUBVERSION 4
| #define HAVE_SYS_MMAN_H 1
| #define HAVE_WCHAR_H 1
| #define HAVE_STDINT_H 1
| #define HAVE_MPROTECT 1
| #define HAVE_SIGACTION 1
| #define HAVE_SIGALTSTACK 1
| #define HAVE_SIGINTERRUPT 1
| #define HAVE_MAP_ANONYMOUS 1
| #define HAVE_DECL_MEMMEM 1
| #define HAVE_MEMMEM 1
| /* end confdefs.h.  */
| #ifndef __APPLE_CC__
|          not a universal capable compiler
|         #endif
|         typedef int dummy;
| 
configure:6440: checking for C/C++ restrict keyword
configure:6465: gcc -c -g -O2  conftest.c >&5
configure:6465: $? = 0
configure:6473: result: __restrict
configure:6486: checking for uid_t in sys/types.h
configure:6505: result: yes
configure:6516: checking for inline
configure:6532: gcc -c -g -O2  conftest.c >&5
configure:6532: $? = 0
configure:6540: result: inline
configure:6573: checking whether the preprocessor supports include_next
configure:6611: gcc -c -g -O2  -Iconftestd1b -Iconftestd2 conftest.c >&5
configure:6611: $? = 0
configure:6632: result: yes
configure:6653: checking whether system header files limit the line length
configure:6676: result: no
configure:6690: checking for wchar_t
configure:6707: gcc -c -g -O2  conftest.c >&5
configure:6707: $? = 0
configure:6714: result: yes
configure:6723: checking for unsigned long long int
configure:6762: gcc -o conftest -g -O2   conftest.c  >&5
configure:6762: $? = 0
configure:6771: result: yes
configure:6781: checking for long long int
configure:6819: gcc -o conftest -g -O2   conftest.c  >&5
configure:6819: $? = 0
configure:6819: ./conftest
configure:6819: $? = 0
configure:6831: result: yes
configure:6968: checking whether stdint.h conforms to C99
configure:7139: gcc -c -g -O2  conftest.c >&5
configure:7139: $? = 0
configure:7221: gcc -o conftest -g -O2   conftest.c  >&5
configure:7221: $? = 0
configure:7221: ./conftest
configure:7221: $? = 0
configure:7233: result: yes
configure:7632: checking whether memmem is declared without a macro
configure:7650: gcc -c -g -O2  conftest.c >&5
configure:7650: $? = 0
configure:7658: result: yes
configure:7632: checking whether mempcpy is declared without a macro
configure:7650: gcc -c -g -O2  conftest.c >&5
configure:7650: $? = 0
configure:7658: result: yes
configure:7632: checking whether memrchr is declared without a macro
configure:7650: gcc -c -g -O2  conftest.c >&5
configure:7650: $? = 0
configure:7658: result: yes
configure:7632: checking whether rawmemchr is declared without a macro
configure:7650: gcc -c -g -O2  conftest.c >&5
configure:7650: $? = 0
configure:7658: result: yes
configure:7632: checking whether stpcpy is declared without a macro
configure:7650: gcc -c -g -O2  conftest.c >&5
configure:7650: $? = 0
configure:7658: result: yes
configure:7632: checking whether stpncpy is declared without a macro
configure:7650: gcc -c -g -O2  conftest.c >&5
configure:7650: $? = 0
configure:7658: result: yes
configure:7632: checking whether strchrnul is declared without a macro
configure:7650: gcc -c -g -O2  conftest.c >&5
configure:7650: $? = 0
configure:7658: result: yes
configure:7632: checking whether strdup is declared without a macro
configure:7650: gcc -c -g -O2  conftest.c >&5
configure:7650: $? = 0
configure:7658: result: yes
configure:7632: checking whether strncat is declared without a macro
configure:7650: gcc -c -g -O2  conftest.c >&5
configure:7650: $? = 0
configure:7658: result: yes
configure:7632: checking whether strndup is declared without a macro
configure:7650: gcc -c -g -O2  conftest.c >&5
configure:7650: $? = 0
configure:7658: result: yes
configure:7632: checking whether strnlen is declared without a macro
configure:7650: gcc -c -g -O2  conftest.c >&5
configure:7650: $? = 0
configure:7658: result: yes
configure:7632: checking whether strpbrk is declared without a macro
configure:7650: gcc -c -g -O2  conftest.c >&5
configure:7650: $? = 0
configure:7658: result: yes
configure:7632: checking whether strsep is declared without a macro
configure:7650: gcc -c -g -O2  conftest.c >&5
configure:7650: $? = 0
configure:7658: result: yes
configure:7632: checking whether strcasestr is declared without a macro
configure:7650: gcc -c -g -O2  conftest.c >&5
configure:7650: $? = 0
configure:7658: result: yes
configure:7632: checking whether strtok_r is declared without a macro
configure:7650: gcc -c -g -O2  conftest.c >&5
configure:7650: $? = 0
configure:7658: result: yes
configure:7632: checking whether strerror_r is declared without a macro
configure:7650: gcc -c -g -O2  conftest.c >&5
configure:7650: $? = 0
configure:7658: result: yes
configure:7632: checking whether strsignal is declared without a macro
configure:7650: gcc -c -g -O2  conftest.c >&5
configure:7650: $? = 0
configure:7658: result: yes
configure:7632: checking whether strverscmp is declared without a macro
configure:7650: gcc -c -g -O2  conftest.c >&5
configure:7650: $? = 0
configure:7658: result: yes
configure:7738: checking whether memmem works in linear time
configure:7809: gcc -o conftest -g -O2   conftest.c  >&5
configure:7809: $? = 0
configure:7809: ./conftest
configure:7809: $? = 0
configure:7820: result: yes
configure:7845: checking for memmem
configure:7845: result: yes
configure:7869: checking whether memmem works
configure:7944: result: yes
configure:7990: checking for struct sigaction.sa_sigaction
configure:7990: gcc -c -g -O2  conftest.c >&5
configure:7990: $? = 0
configure:7990: result: yes
configure:8125: checking for volatile sig_atomic_t
configure:8125: gcc -c -g -O2  conftest.c >&5
configure:8125: $? = 0
configure:8125: gcc -c -g -O2  conftest.c >&5
conftest.c: In function 'main':
conftest.c:73:36: error: expected expression before ')' token
configure:8125: $? = 1
configure: failed program was:
| /* confdefs.h */
| #define PACKAGE_NAME "cgminer"
| #define PACKAGE_TARNAME "cgminer"
| #define PACKAGE_VERSION "2.7.4"
| #define PACKAGE_STRING "cgminer 2.7.4"
| #define PACKAGE_BUGREPORT "kernel@kolivas.org"
| #define PACKAGE_URL ""
| #define PACKAGE "cgminer"
| #define VERSION "2.7.4"
| #define STDC_HEADERS 1
| #define HAVE_SYS_TYPES_H 1
| #define HAVE_SYS_STAT_H 1
| #define HAVE_STDLIB_H 1
| #define HAVE_STRING_H 1
| #define HAVE_MEMORY_H 1
| #define HAVE_STRINGS_H 1
| #define HAVE_INTTYPES_H 1
| #define HAVE_STDINT_H 1
| #define HAVE_UNISTD_H 1
| #define __EXTENSIONS__ 1
| #define _ALL_SOURCE 1
| #define _GNU_SOURCE 1
| #define _POSIX_PTHREAD_SEMANTICS 1
| #define _TANDEM_SOURCE 1
| #define CGMINER_MAJOR_VERSION 2
| #define CGMINER_MINOR_VERSION 7
| #define CGMINER_MINOR_SUBVERSION 4
| #define HAVE_SYS_MMAN_H 1
| #define HAVE_WCHAR_H 1
| #define HAVE_STDINT_H 1
| #define HAVE_MPROTECT 1
| #define HAVE_SIGACTION 1
| #define HAVE_SIGALTSTACK 1
| #define HAVE_SIGINTERRUPT 1
| #define HAVE_MAP_ANONYMOUS 1
| #define HAVE_DECL_MEMMEM 1
| #define HAVE_MEMMEM 1
| #define restrict __restrict
| #define HAVE_WCHAR_T 1
| #define HAVE_UNSIGNED_LONG_LONG_INT 1
| #define HAVE_LONG_LONG_INT 1
| #define HAVE_RAW_DECL_MEMMEM 1
| #define HAVE_RAW_DECL_MEMPCPY 1
| #define HAVE_RAW_DECL_MEMRCHR 1
| #define HAVE_RAW_DECL_RAWMEMCHR 1
| #define HAVE_RAW_DECL_STPCPY 1
| #define HAVE_RAW_DECL_STPNCPY 1
| #define HAVE_RAW_DECL_STRCHRNUL 1
| #define HAVE_RAW_DECL_STRDUP 1
| #define HAVE_RAW_DECL_STRNCAT 1
| #define HAVE_RAW_DECL_STRNDUP 1
| #define HAVE_RAW_DECL_STRNLEN 1
| #define HAVE_RAW_DECL_STRPBRK 1
| #define HAVE_RAW_DECL_STRSEP 1
| #define HAVE_RAW_DECL_STRCASESTR 1
| #define HAVE_RAW_DECL_STRTOK_R 1
| #define HAVE_RAW_DECL_STRERROR_R 1
| #define HAVE_RAW_DECL_STRSIGNAL 1
| #define HAVE_RAW_DECL_STRVERSCMP 1
| #define GNULIB_TEST_MEMCHR 1
| #define HAVE_MEMMEM 1
| #define GNULIB_TEST_MEMMEM 1
| #define HAVE_STRUCT_SIGACTION_SA_SIGACTION 1
| #define GNULIB_TEST_SIGACTION 1
| /* end confdefs.h.  */
| 
| #include <signal.h>
| 
| 
| int
| main ()
| {
| if (sizeof ((volatile sig_atomic_t)))
| 	    return 0;
|   ;
|   return 0;
| }
configure:8125: result: yes
configure:8139: checking for sighandler_t
configure:8139: gcc -c -g -O2  conftest.c >&5
configure:8139: $? = 0
configure:8139: gcc -c -g -O2  conftest.c >&5
conftest.c: In function 'main':
conftest.c:73:27: error: expected expression before ')' token
configure:8139: $? = 1
configure: failed program was:
| /* confdefs.h */
| #define PACKAGE_NAME "cgminer"
| #define PACKAGE_TARNAME "cgminer"
| #define PACKAGE_VERSION "2.7.4"
| #define PACKAGE_STRING "cgminer 2.7.4"
| #define PACKAGE_BUGREPORT "kernel@kolivas.org"
| #define PACKAGE_URL ""
| #define PACKAGE "cgminer"
| #define VERSION "2.7.4"
| #define STDC_HEADERS 1
| #define HAVE_SYS_TYPES_H 1
| #define HAVE_SYS_STAT_H 1
| #define HAVE_STDLIB_H 1
| #define HAVE_STRING_H 1
| #define HAVE_MEMORY_H 1
| #define HAVE_STRINGS_H 1
| #define HAVE_INTTYPES_H 1
| #define HAVE_STDINT_H 1
| #define HAVE_UNISTD_H 1
| #define __EXTENSIONS__ 1
| #define _ALL_SOURCE 1
| #define _GNU_SOURCE 1
| #define _POSIX_PTHREAD_SEMANTICS 1
| #define _TANDEM_SOURCE 1
| #define CGMINER_MAJOR_VERSION 2
| #define CGMINER_MINOR_VERSION 7
| #define CGMINER_MINOR_SUBVERSION 4
| #define HAVE_SYS_MMAN_H 1
| #define HAVE_WCHAR_H 1
| #define HAVE_STDINT_H 1
| #define HAVE_MPROTECT 1
| #define HAVE_SIGACTION 1
| #define HAVE_SIGALTSTACK 1
| #define HAVE_SIGINTERRUPT 1
| #define HAVE_MAP_ANONYMOUS 1
| #define HAVE_DECL_MEMMEM 1
| #define HAVE_MEMMEM 1
| #define restrict __restrict
| #define HAVE_WCHAR_T 1
| #define HAVE_UNSIGNED_LONG_LONG_INT 1
| #define HAVE_LONG_LONG_INT 1
| #define HAVE_RAW_DECL_MEMMEM 1
| #define HAVE_RAW_DECL_MEMPCPY 1
| #define HAVE_RAW_DECL_MEMRCHR 1
| #define HAVE_RAW_DECL_RAWMEMCHR 1
| #define HAVE_RAW_DECL_STPCPY 1
| #define HAVE_RAW_DECL_STPNCPY 1
| #define HAVE_RAW_DECL_STRCHRNUL 1
| #define HAVE_RAW_DECL_STRDUP 1
| #define HAVE_RAW_DECL_STRNCAT 1
| #define HAVE_RAW_DECL_STRNDUP 1
| #define HAVE_RAW_DECL_STRNLEN 1
| #define HAVE_RAW_DECL_STRPBRK 1
| #define HAVE_RAW_DECL_STRSEP 1
| #define HAVE_RAW_DECL_STRCASESTR 1
| #define HAVE_RAW_DECL_STRTOK_R 1
| #define HAVE_RAW_DECL_STRERROR_R 1
| #define HAVE_RAW_DECL_STRSIGNAL 1
| #define HAVE_RAW_DECL_STRVERSCMP 1
| #define GNULIB_TEST_MEMCHR 1
| #define HAVE_MEMMEM 1
| #define GNULIB_TEST_MEMMEM 1
| #define HAVE_STRUCT_SIGACTION_SA_SIGACTION 1
| #define GNULIB_TEST_SIGACTION 1
| /* end confdefs.h.  */
| 
| #include <signal.h>
| 
| 
| int
| main ()
| {
| if (sizeof ((sighandler_t)))
| 	    return 0;
|   ;
|   return 0;
| }
configure:8139: result: yes
configure:8153: checking whether sigaction is declared without a macro
configure:8171: gcc -c -g -O2  conftest.c >&5
configure:8171: $? = 0
configure:8179: result: yes
configure:8153: checking whether sigaddset is declared without a macro
configure:8171: gcc -c -g -O2  conftest.c >&5
configure:8171: $? = 0
configure:8179: result: yes
configure:8153: checking whether sigdelset is declared without a macro
configure:8171: gcc -c -g -O2  conftest.c >&5
configure:8171: $? = 0
configure:8179: result: yes
configure:8153: checking whether sigemptyset is declared without a macro
configure:8171: gcc -c -g -O2  conftest.c >&5
configure:8171: $? = 0
configure:8179: result: yes
configure:8153: checking whether sigfillset is declared without a macro
configure:8171: gcc -c -g -O2  conftest.c >&5
configure:8171: $? = 0
configure:8179: result: yes
configure:8153: checking whether sigismember is declared without a macro
configure:8171: gcc -c -g -O2  conftest.c >&5
configure:8171: $? = 0
configure:8179: result: yes
configure:8153: checking whether sigpending is declared without a macro
configure:8171: gcc -c -g -O2  conftest.c >&5
configure:8171: $? = 0
configure:8179: result: yes
configure:8153: checking whether sigprocmask is declared without a macro
configure:8171: gcc -c -g -O2  conftest.c >&5
configure:8171: $? = 0
configure:8179: result: yes
configure:8208: checking for sigprocmask
configure:8208: gcc -o conftest -g -O2   conftest.c  >&5
configure:8208: $? = 0
configure:8208: result: yes
configure:8275: checking whether NULL can be used in arbitrary expressions
configure:8293: gcc -c -g -O2  conftest.c >&5
configure:8293: $? = 0
configure:8300: result: yes
configure:8415: checking for ANSI C header files
configure:8519: result: yes
configure:8529: checking syslog.h usability
configure:8529: gcc -c -g -O2  conftest.c >&5
configure:8529: $? = 0
configure:8529: result: yes
configure:8529: checking syslog.h presence
configure:8529: gcc -E  conftest.c
configure:8529: $? = 0
configure:8529: result: yes
configure:8529: checking for syslog.h
configure:8529: result: yes
configure:8540: checking for size_t
configure:8540: gcc -c -g -O2  conftest.c >&5
configure:8540: $? = 0
configure:8540: gcc -c -g -O2  conftest.c >&5
conftest.c: In function 'main':
conftest.c:113:21: error: expected expression before ')' token
configure:8540: $? = 1
configure: failed program was:
| /* confdefs.h */
| #define PACKAGE_NAME "cgminer"
| #define PACKAGE_TARNAME "cgminer"
| #define PACKAGE_VERSION "2.7.4"
| #define PACKAGE_STRING "cgminer 2.7.4"
| #define PACKAGE_BUGREPORT "kernel@kolivas.org"
| #define PACKAGE_URL ""
| #define PACKAGE "cgminer"
| #define VERSION "2.7.4"
| #define STDC_HEADERS 1
| #define HAVE_SYS_TYPES_H 1
| #define HAVE_SYS_STAT_H 1
| #define HAVE_STDLIB_H 1
| #define HAVE_STRING_H 1
| #define HAVE_MEMORY_H 1
| #define HAVE_STRINGS_H 1
| #define HAVE_INTTYPES_H 1
| #define HAVE_STDINT_H 1
| #define HAVE_UNISTD_H 1
| #define __EXTENSIONS__ 1
| #define _ALL_SOURCE 1
| #define _GNU_SOURCE 1
| #define _POSIX_PTHREAD_SEMANTICS 1
| #define _TANDEM_SOURCE 1
| #define CGMINER_MAJOR_VERSION 2
| #define CGMINER_MINOR_VERSION 7
| #define CGMINER_MINOR_SUBVERSION 4
| #define HAVE_SYS_MMAN_H 1
| #define HAVE_WCHAR_H 1
| #define HAVE_STDINT_H 1
| #define HAVE_MPROTECT 1
| #define HAVE_SIGACTION 1
| #define HAVE_SIGALTSTACK 1
| #define HAVE_SIGINTERRUPT 1
| #define HAVE_MAP_ANONYMOUS 1
| #define HAVE_DECL_MEMMEM 1
| #define HAVE_MEMMEM 1
| #define restrict __restrict
| #define HAVE_WCHAR_T 1
| #define HAVE_UNSIGNED_LONG_LONG_INT 1
| #define HAVE_LONG_LONG_INT 1
| #define HAVE_RAW_DECL_MEMMEM 1
| #define HAVE_RAW_DECL_MEMPCPY 1
| #define HAVE_RAW_DECL_MEMRCHR 1
| #define HAVE_RAW_DECL_RAWMEMCHR 1
| #define HAVE_RAW_DECL_STPCPY 1
| #define HAVE_RAW_DECL_STPNCPY 1
| #define HAVE_RAW_DECL_STRCHRNUL 1
| #define HAVE_RAW_DECL_STRDUP 1
| #define HAVE_RAW_DECL_STRNCAT 1
| #define HAVE_RAW_DECL_STRNDUP 1
| #define HAVE_RAW_DECL_STRNLEN 1
| #define HAVE_RAW_DECL_STRPBRK 1
| #define HAVE_RAW_DECL_STRSEP 1
| #define HAVE_RAW_DECL_STRCASESTR 1
| #define HAVE_RAW_DECL_STRTOK_R 1
| #define HAVE_RAW_DECL_STRERROR_R 1
| #define HAVE_RAW_DECL_STRSIGNAL 1
| #define HAVE_RAW_DECL_STRVERSCMP 1
| #define GNULIB_TEST_MEMCHR 1
| #define HAVE_MEMMEM 1
| #define GNULIB_TEST_MEMMEM 1
| #define HAVE_STRUCT_SIGACTION_SA_SIGACTION 1
| #define GNULIB_TEST_SIGACTION 1
| #define HAVE_RAW_DECL_SIGACTION 1
| #define HAVE_RAW_DECL_SIGADDSET 1
| #define HAVE_RAW_DECL_SIGDELSET 1
| #define HAVE_RAW_DECL_SIGEMPTYSET 1
| #define HAVE_RAW_DECL_SIGFILLSET 1
| #define HAVE_RAW_DECL_SIGISMEMBER 1
| #define HAVE_RAW_DECL_SIGPENDING 1
| #define HAVE_RAW_DECL_SIGPROCMASK 1
| #define GNULIB_TEST_SIGPROCMASK 1
| #define STDC_HEADERS 1
| #define HAVE_SYSLOG_H 1
| /* end confdefs.h.  */
| #include <stdio.h>
| #ifdef HAVE_SYS_TYPES_H
| # include <sys/types.h>
| #endif
| #ifdef HAVE_SYS_STAT_H
| # include <sys/stat.h>
| #endif
| #ifdef STDC_HEADERS
| # include <stdlib.h>
| # include <stddef.h>
| #else
| # ifdef HAVE_STDLIB_H
| #  include <stdlib.h>
| # endif
| #endif
| #ifdef HAVE_STRING_H
| # if !defined STDC_HEADERS && defined HAVE_MEMORY_H
| #  include <memory.h>
| # endif
| # include <string.h>
| #endif
| #ifdef HAVE_STRINGS_H
| # include <strings.h>
| #endif
| #ifdef HAVE_INTTYPES_H
| # include <inttypes.h>
| #endif
| #ifdef HAVE_STDINT_H
| # include <stdint.h>
| #endif
| #ifdef HAVE_UNISTD_H
| # include <unistd.h>
| #endif
| int
| main ()
| {
| if (sizeof ((size_t)))
| 	    return 0;
|   ;
|   return 0;
| }
configure:8540: result: yes
configure:8553: checking for working alloca.h
configure:8570: gcc -o conftest -g -O2   conftest.c  >&5
configure:8570: $? = 0
configure:8578: result: yes
configure:8586: checking for alloca
configure:8623: gcc -o conftest -g -O2   conftest.c  >&5
configure:8623: $? = 0
configure:8631: result: yes
configure:8826: checking for OpenCL
configure:8849: gcc -o conftest -g -O2    conftest.c  -lOpenCL >&5
conftest.c:84:21: fatal error: CL/cl.h: No such file or directory
compilation terminated.
configure:8849: $? = 1
configure: failed program was:
| /* confdefs.h */
| #define PACKAGE_NAME "cgminer"
| #define PACKAGE_TARNAME "cgminer"
| #define PACKAGE_VERSION "2.7.4"
| #define PACKAGE_STRING "cgminer 2.7.4"
| #define PACKAGE_BUGREPORT "kernel@kolivas.org"
| #define PACKAGE_URL ""
| #define PACKAGE "cgminer"
| #define VERSION "2.7.4"
| #define STDC_HEADERS 1
| #define HAVE_SYS_TYPES_H 1
| #define HAVE_SYS_STAT_H 1
| #define HAVE_STDLIB_H 1
| #define HAVE_STRING_H 1
| #define HAVE_MEMORY_H 1
| #define HAVE_STRINGS_H 1
| #define HAVE_INTTYPES_H 1
| #define HAVE_STDINT_H 1
| #define HAVE_UNISTD_H 1
| #define __EXTENSIONS__ 1
| #define _ALL_SOURCE 1
| #define _GNU_SOURCE 1
| #define _POSIX_PTHREAD_SEMANTICS 1
| #define _TANDEM_SOURCE 1
| #define CGMINER_MAJOR_VERSION 2
| #define CGMINER_MINOR_VERSION 7
| #define CGMINER_MINOR_SUBVERSION 4
| #define HAVE_SYS_MMAN_H 1
| #define HAVE_WCHAR_H 1
| #define HAVE_STDINT_H 1
| #define HAVE_MPROTECT 1
| #define HAVE_SIGACTION 1
| #define HAVE_SIGALTSTACK 1
| #define HAVE_SIGINTERRUPT 1
| #define HAVE_MAP_ANONYMOUS 1
| #define HAVE_DECL_MEMMEM 1
| #define HAVE_MEMMEM 1
| #define restrict __restrict
| #define HAVE_WCHAR_T 1
| #define HAVE_UNSIGNED_LONG_LONG_INT 1
| #define HAVE_LONG_LONG_INT 1
| #define HAVE_RAW_DECL_MEMMEM 1
| #define HAVE_RAW_DECL_MEMPCPY 1
| #define HAVE_RAW_DECL_MEMRCHR 1
| #define HAVE_RAW_DECL_RAWMEMCHR 1
| #define HAVE_RAW_DECL_STPCPY 1
| #define HAVE_RAW_DECL_STPNCPY 1
| #define HAVE_RAW_DECL_STRCHRNUL 1
| #define HAVE_RAW_DECL_STRDUP 1
| #define HAVE_RAW_DECL_STRNCAT 1
| #define HAVE_RAW_DECL_STRNDUP 1
| #define HAVE_RAW_DECL_STRNLEN 1
| #define HAVE_RAW_DECL_STRPBRK 1
| #define HAVE_RAW_DECL_STRSEP 1
| #define HAVE_RAW_DECL_STRCASESTR 1
| #define HAVE_RAW_DECL_STRTOK_R 1
| #define HAVE_RAW_DECL_STRERROR_R 1
| #define HAVE_RAW_DECL_STRSIGNAL 1
| #define HAVE_RAW_DECL_STRVERSCMP 1
| #define GNULIB_TEST_MEMCHR 1
| #define HAVE_MEMMEM 1
| #define GNULIB_TEST_MEMMEM 1
| #define HAVE_STRUCT_SIGACTION_SA_SIGACTION 1
| #define GNULIB_TEST_SIGACTION 1
| #define HAVE_RAW_DECL_SIGACTION 1
| #define HAVE_RAW_DECL_SIGADDSET 1
| #define HAVE_RAW_DECL_SIGDELSET 1
| #define HAVE_RAW_DECL_SIGEMPTYSET 1
| #define HAVE_RAW_DECL_SIGFILLSET 1
| #define HAVE_RAW_DECL_SIGISMEMBER 1
| #define HAVE_RAW_DECL_SIGPENDING 1
| #define HAVE_RAW_DECL_SIGPROCMASK 1
| #define GNULIB_TEST_SIGPROCMASK 1
| #define STDC_HEADERS 1
| #define HAVE_SYSLOG_H 1
| #define HAVE_ALLOCA_H 1
| #define HAVE_ALLOCA 1
| #define WANT_CPUMINE 1
| /* end confdefs.h.  */
| 
| 		#ifdef __APPLE_CC__
| 		#include <OpenCL/opencl.h>
| 		#else
| 		#include <CL/cl.h>
| 		#endif
| 
| int
| main ()
| {
| return clSetKernelArg(0, 0, 0, 0);
|   ;
|   return 0;
| }
configure:8858: result: no
configure:8873: checking for pthread_create in -lpthread
configure:8898: gcc -o conftest -g -O2   conftest.c -lpthread   >&5
configure:8898: $? = 0
configure:8907: result: yes
configure:8922: checking for json_loads in -ljansson
configure:8947: gcc -o conftest -g -O2   conftest.c -ljansson  -lpthread  >&5
configure:8947: $? = 0
configure:8956: result: yes
configure:9131: checking for library containing addstr
configure:9162: gcc -o conftest -g -O2   conftest.c -lpthread  >&5
/tmp/ccykRSz1.o: In function `main':
/home/pengpeng/cgminer-2.7.4/conftest.c:93: undefined reference to `addstr'
collect2: ld returned 1 exit status
configure:9162: $? = 1
configure: failed program was:
| /* confdefs.h */
| #define PACKAGE_NAME "cgminer"
| #define PACKAGE_TARNAME "cgminer"
| #define PACKAGE_VERSION "2.7.4"
| #define PACKAGE_STRING "cgminer 2.7.4"
| #define PACKAGE_BUGREPORT "kernel@kolivas.org"
| #define PACKAGE_URL ""
| #define PACKAGE "cgminer"
| #define VERSION "2.7.4"
| #define STDC_HEADERS 1
| #define HAVE_SYS_TYPES_H 1
| #define HAVE_SYS_STAT_H 1
| #define HAVE_STDLIB_H 1
| #define HAVE_STRING_H 1
| #define HAVE_MEMORY_H 1
| #define HAVE_STRINGS_H 1
| #define HAVE_INTTYPES_H 1
| #define HAVE_STDINT_H 1
| #define HAVE_UNISTD_H 1
| #define __EXTENSIONS__ 1
| #define _ALL_SOURCE 1
| #define _GNU_SOURCE 1
| #define _POSIX_PTHREAD_SEMANTICS 1
| #define _TANDEM_SOURCE 1
| #define CGMINER_MAJOR_VERSION 2
| #define CGMINER_MINOR_VERSION 7
| #define CGMINER_MINOR_SUBVERSION 4
| #define HAVE_SYS_MMAN_H 1
| #define HAVE_WCHAR_H 1
| #define HAVE_STDINT_H 1
| #define HAVE_MPROTECT 1
| #define HAVE_SIGACTION 1
| #define HAVE_SIGALTSTACK 1
| #define HAVE_SIGINTERRUPT 1
| #define HAVE_MAP_ANONYMOUS 1
| #define HAVE_DECL_MEMMEM 1
| #define HAVE_MEMMEM 1
| #define restrict __restrict
| #define HAVE_WCHAR_T 1
| #define HAVE_UNSIGNED_LONG_LONG_INT 1
| #define HAVE_LONG_LONG_INT 1
| #define HAVE_RAW_DECL_MEMMEM 1
| #define HAVE_RAW_DECL_MEMPCPY 1
| #define HAVE_RAW_DECL_MEMRCHR 1
| #define HAVE_RAW_DECL_RAWMEMCHR 1
| #define HAVE_RAW_DECL_STPCPY 1
| #define HAVE_RAW_DECL_STPNCPY 1
| #define HAVE_RAW_DECL_STRCHRNUL 1
| #define HAVE_RAW_DECL_STRDUP 1
| #define HAVE_RAW_DECL_STRNCAT 1
| #define HAVE_RAW_DECL_STRNDUP 1
| #define HAVE_RAW_DECL_STRNLEN 1
| #define HAVE_RAW_DECL_STRPBRK 1
| #define HAVE_RAW_DECL_STRSEP 1
| #define HAVE_RAW_DECL_STRCASESTR 1
| #define HAVE_RAW_DECL_STRTOK_R 1
| #define HAVE_RAW_DECL_STRERROR_R 1
| #define HAVE_RAW_DECL_STRSIGNAL 1
| #define HAVE_RAW_DECL_STRVERSCMP 1
| #define GNULIB_TEST_MEMCHR 1
| #define HAVE_MEMMEM 1
| #define GNULIB_TEST_MEMMEM 1
| #define HAVE_STRUCT_SIGACTION_SA_SIGACTION 1
| #define GNULIB_TEST_SIGACTION 1
| #define HAVE_RAW_DECL_SIGACTION 1
| #define HAVE_RAW_DECL_SIGADDSET 1
| #define HAVE_RAW_DECL_SIGDELSET 1
| #define HAVE_RAW_DECL_SIGEMPTYSET 1
| #define HAVE_RAW_DECL_SIGFILLSET 1
| #define HAVE_RAW_DECL_SIGISMEMBER 1
| #define HAVE_RAW_DECL_SIGPENDING 1
| #define HAVE_RAW_DECL_SIGPROCMASK 1
| #define GNULIB_TEST_SIGPROCMASK 1
| #define STDC_HEADERS 1
| #define HAVE_SYSLOG_H 1
| #define HAVE_ALLOCA_H 1
| #define HAVE_ALLOCA 1
| #define WANT_CPUMINE 1
| #define HAVE_LIBPTHREAD 1
| #define USE_ICARUS 1
| /* end confdefs.h.  */
| 
| /* Override any GCC internal prototype to avoid an error.
|    Use char because int might match the return type of a GCC
|    builtin and then its argument prototype would still apply.  */
| #ifdef __cplusplus
| extern "C"
| #endif
| char addstr ();
| int
| main ()
| {
| return addstr ();
|   ;
|   return 0;
| }
configure:9162: gcc -o conftest -g -O2   conftest.c -lncurses  -lpthread  >&5
/usr/bin/ld: cannot find -lncurses
collect2: ld returned 1 exit status
configure:9162: $? = 1
configure: failed program was:
| /* confdefs.h */
| #define PACKAGE_NAME "cgminer"
| #define PACKAGE_TARNAME "cgminer"
| #define PACKAGE_VERSION "2.7.4"
| #define PACKAGE_STRING "cgminer 2.7.4"
| #define PACKAGE_BUGREPORT "kernel@kolivas.org"
| #define PACKAGE_URL ""
| #define PACKAGE "cgminer"
| #define VERSION "2.7.4"
| #define STDC_HEADERS 1
| #define HAVE_SYS_TYPES_H 1
| #define HAVE_SYS_STAT_H 1
| #define HAVE_STDLIB_H 1
| #define HAVE_STRING_H 1
| #define HAVE_MEMORY_H 1
| #define HAVE_STRINGS_H 1
| #define HAVE_INTTYPES_H 1
| #define HAVE_STDINT_H 1
| #define HAVE_UNISTD_H 1
| #define __EXTENSIONS__ 1
| #define _ALL_SOURCE 1
| #define _GNU_SOURCE 1
| #define _POSIX_PTHREAD_SEMANTICS 1
| #define _TANDEM_SOURCE 1
| #define CGMINER_MAJOR_VERSION 2
| #define CGMINER_MINOR_VERSION 7
| #define CGMINER_MINOR_SUBVERSION 4
| #define HAVE_SYS_MMAN_H 1
| #define HAVE_WCHAR_H 1
| #define HAVE_STDINT_H 1
| #define HAVE_MPROTECT 1
| #define HAVE_SIGACTION 1
| #define HAVE_SIGALTSTACK 1
| #define HAVE_SIGINTERRUPT 1
| #define HAVE_MAP_ANONYMOUS 1
| #define HAVE_DECL_MEMMEM 1
| #define HAVE_MEMMEM 1
| #define restrict __restrict
| #define HAVE_WCHAR_T 1
| #define HAVE_UNSIGNED_LONG_LONG_INT 1
| #define HAVE_LONG_LONG_INT 1
| #define HAVE_RAW_DECL_MEMMEM 1
| #define HAVE_RAW_DECL_MEMPCPY 1
| #define HAVE_RAW_DECL_MEMRCHR 1
| #define HAVE_RAW_DECL_RAWMEMCHR 1
| #define HAVE_RAW_DECL_STPCPY 1
| #define HAVE_RAW_DECL_STPNCPY 1
| #define HAVE_RAW_DECL_STRCHRNUL 1
| #define HAVE_RAW_DECL_STRDUP 1
| #define HAVE_RAW_DECL_STRNCAT 1
| #define HAVE_RAW_DECL_STRNDUP 1
| #define HAVE_RAW_DECL_STRNLEN 1
| #define HAVE_RAW_DECL_STRPBRK 1
| #define HAVE_RAW_DECL_STRSEP 1
| #define HAVE_RAW_DECL_STRCASESTR 1
| #define HAVE_RAW_DECL_STRTOK_R 1
| #define HAVE_RAW_DECL_STRERROR_R 1
| #define HAVE_RAW_DECL_STRSIGNAL 1
| #define HAVE_RAW_DECL_STRVERSCMP 1
| #define GNULIB_TEST_MEMCHR 1
| #define HAVE_MEMMEM 1
| #define GNULIB_TEST_MEMMEM 1
| #define HAVE_STRUCT_SIGACTION_SA_SIGACTION 1
| #define GNULIB_TEST_SIGACTION 1
| #define HAVE_RAW_DECL_SIGACTION 1
| #define HAVE_RAW_DECL_SIGADDSET 1
| #define HAVE_RAW_DECL_SIGDELSET 1
| #define HAVE_RAW_DECL_SIGEMPTYSET 1
| #define HAVE_RAW_DECL_SIGFILLSET 1
| #define HAVE_RAW_DECL_SIGISMEMBER 1
| #define HAVE_RAW_DECL_SIGPENDING 1
| #define HAVE_RAW_DECL_SIGPROCMASK 1
| #define GNULIB_TEST_SIGPROCMASK 1
| #define STDC_HEADERS 1
| #define HAVE_SYSLOG_H 1
| #define HAVE_ALLOCA_H 1
| #define HAVE_ALLOCA 1
| #define WANT_CPUMINE 1
| #define HAVE_LIBPTHREAD 1
| #define USE_ICARUS 1
| /* end confdefs.h.  */
| 
| /* Override any GCC internal prototype to avoid an error.
|    Use char because int might match the return type of a GCC
|    builtin and then its argument prototype would still apply.  */
| #ifdef __cplusplus
| extern "C"
| #endif
| char addstr ();
| int
| main ()
| {
| return addstr ();
|   ;
|   return 0;
| }
configure:9162: gcc -o conftest -g -O2   conftest.c -lpdcurses  -lpthread  >&5
/usr/bin/ld: cannot find -lpdcurses
collect2: ld returned 1 exit status
configure:9162: $? = 1
configure: failed program was:
| /* confdefs.h */
| #define PACKAGE_NAME "cgminer"
| #define PACKAGE_TARNAME "cgminer"
| #define PACKAGE_VERSION "2.7.4"
| #define PACKAGE_STRING "cgminer 2.7.4"
| #define PACKAGE_BUGREPORT "kernel@kolivas.org"
| #define PACKAGE_URL ""
| #define PACKAGE "cgminer"
| #define VERSION "2.7.4"
| #define STDC_HEADERS 1
| #define HAVE_SYS_TYPES_H 1
| #define HAVE_SYS_STAT_H 1
| #define HAVE_STDLIB_H 1
| #define HAVE_STRING_H 1
| #define HAVE_MEMORY_H 1
| #define HAVE_STRINGS_H 1
| #define HAVE_INTTYPES_H 1
| #define HAVE_STDINT_H 1
| #define HAVE_UNISTD_H 1
| #define __EXTENSIONS__ 1
| #define _ALL_SOURCE 1
| #define _GNU_SOURCE 1
| #define _POSIX_PTHREAD_SEMANTICS 1
| #define _TANDEM_SOURCE 1
| #define CGMINER_MAJOR_VERSION 2
| #define CGMINER_MINOR_VERSION 7
| #define CGMINER_MINOR_SUBVERSION 4
| #define HAVE_SYS_MMAN_H 1
| #define HAVE_WCHAR_H 1
| #define HAVE_STDINT_H 1
| #define HAVE_MPROTECT 1
| #define HAVE_SIGACTION 1
| #define HAVE_SIGALTSTACK 1
| #define HAVE_SIGINTERRUPT 1
| #define HAVE_MAP_ANONYMOUS 1
| #define HAVE_DECL_MEMMEM 1
| #define HAVE_MEMMEM 1
| #define restrict __restrict
| #define HAVE_WCHAR_T 1
| #define HAVE_UNSIGNED_LONG_LONG_INT 1
| #define HAVE_LONG_LONG_INT 1
| #define HAVE_RAW_DECL_MEMMEM 1
| #define HAVE_RAW_DECL_MEMPCPY 1
| #define HAVE_RAW_DECL_MEMRCHR 1
| #define HAVE_RAW_DECL_RAWMEMCHR 1
| #define HAVE_RAW_DECL_STPCPY 1
| #define HAVE_RAW_DECL_STPNCPY 1
| #define HAVE_RAW_DECL_STRCHRNUL 1
| #define HAVE_RAW_DECL_STRDUP 1
| #define HAVE_RAW_DECL_STRNCAT 1
| #define HAVE_RAW_DECL_STRNDUP 1
| #define HAVE_RAW_DECL_STRNLEN 1
| #define HAVE_RAW_DECL_STRPBRK 1
| #define HAVE_RAW_DECL_STRSEP 1
| #define HAVE_RAW_DECL_STRCASESTR 1
| #define HAVE_RAW_DECL_STRTOK_R 1
| #define HAVE_RAW_DECL_STRERROR_R 1
| #define HAVE_RAW_DECL_STRSIGNAL 1
| #define HAVE_RAW_DECL_STRVERSCMP 1
| #define GNULIB_TEST_MEMCHR 1
| #define HAVE_MEMMEM 1
| #define GNULIB_TEST_MEMMEM 1
| #define HAVE_STRUCT_SIGACTION_SA_SIGACTION 1
| #define GNULIB_TEST_SIGACTION 1
| #define HAVE_RAW_DECL_SIGACTION 1
| #define HAVE_RAW_DECL_SIGADDSET 1
| #define HAVE_RAW_DECL_SIGDELSET 1
| #define HAVE_RAW_DECL_SIGEMPTYSET 1
| #define HAVE_RAW_DECL_SIGFILLSET 1
| #define HAVE_RAW_DECL_SIGISMEMBER 1
| #define HAVE_RAW_DECL_SIGPENDING 1
| #define HAVE_RAW_DECL_SIGPROCMASK 1
| #define GNULIB_TEST_SIGPROCMASK 1
| #define STDC_HEADERS 1
| #define HAVE_SYSLOG_H 1
| #define HAVE_ALLOCA_H 1
| #define HAVE_ALLOCA 1
| #define WANT_CPUMINE 1
| #define HAVE_LIBPTHREAD 1
| #define USE_ICARUS 1
| /* end confdefs.h.  */
| 
| /* Override any GCC internal prototype to avoid an error.
|    Use char because int might match the return type of a GCC
|    builtin and then its argument prototype would still apply.  */
| #ifdef __cplusplus
| extern "C"
| #endif
| char addstr ();
| int
| main ()
| {
| return addstr ();
|   ;
|   return 0;
| }
configure:9179: result: no
configure:9196: WARNING: Could not find curses library - if you want a TUI, install libncurses-dev or pdcurses-dev
configure:9258: checking for yasm
configure:9289: result: false
configure:9328: yasm is required for the assembly algorithms. They will be skipped.
configure:9491: checking for pkg-config
configure:9509: found /usr/bin/pkg-config
configure:9521: result: /usr/bin/pkg-config
configure:9546: checking pkg-config is at least version 0.9.0
configure:9549: result: yes
configure:9560: checking for LIBCURL
configure:9567: $PKG_CONFIG --exists --print-errors "libcurl >= 7.15.6"
configure:9570: $? = 0
configure:9584: $PKG_CONFIG --exists --print-errors "libcurl >= 7.15.6"
configure:9587: $? = 0
configure:9765: result: yes
configure:9780: gcc -c -g -O2  conftest.c >&5
configure:9780: $? = 0
configure:9790: gcc -c -g -O2  conftest.c >&5
configure:9790: $? = 0
configure:9800: gcc -c -g -O2  conftest.c >&5
conftest.c: In function 'cleanup':
conftest.c:85:55: warning: incompatible implicit declaration of built-in function 'exit'
configure:9800: $? = 0
configure:9810: gcc -c -g -O2  conftest.c >&5
configure:9810: $? = 0
configure:9820: gcc -c -g -O2  conftest.c >&5
configure:9820: $? = 0
configure:9830: gcc -c -g -O2  conftest.c >&5
configure:9830: $? = 0
configure:9840: gcc -o conftest -g -O2   conftest.c -lpthread  >&5
configure:9840: $? = 0
configure:9851: gcc -o conftest -g -O2   conftest.c -lpthread  >&5
configure:9851: $? = 0
configure:9862: gcc -c -g -O2  conftest.c >&5
configure:9862: $? = 0
configure:10031: checking that generated files are newer than configure
configure:10037: result: done
configure:10164: creating ./config.status

## ---------------------- ##
## Running config.status. ##
## ---------------------- ##

This file was extended by cgminer config.status 2.7.4, which was
generated by GNU Autoconf 2.69.  Invocation command line was

  CONFIG_FILES    = 
  CONFIG_HEADERS  = 
  CONFIG_LINKS    = 
  CONFIG_COMMANDS = 
  $ ./config.status 

on pengpeng-desktop

config.status:1130: creating Makefile
config.status:1130: creating compat/Makefile
config.status:1130: creating compat/jansson/Makefile
config.status:1130: creating x86_64/Makefile
config.status:1130: creating x86_32/Makefile
config.status:1130: creating ccan/Makefile
config.status:1130: creating lib/Makefile
config.status:1130: creating config.h
config.status:1359: executing depfiles commands

## ---------------- ##
## Cache variables. ##
## ---------------- ##

ac_cv_build=i686-pc-linux-gnu
ac_cv_c_compiler_gnu=yes
ac_cv_c_inline=inline
ac_cv_c_restrict=__restrict
ac_cv_env_CC_set=
ac_cv_env_CC_value=
ac_cv_env_CFLAGS_set=
ac_cv_env_CFLAGS_value=
ac_cv_env_CPPFLAGS_set=
ac_cv_env_CPPFLAGS_value=
ac_cv_env_CPP_set=
ac_cv_env_CPP_value=
ac_cv_env_LDFLAGS_set=
ac_cv_env_LDFLAGS_value=
ac_cv_env_LIBCURL_CFLAGS_set=
ac_cv_env_LIBCURL_CFLAGS_value=
ac_cv_env_LIBCURL_LIBS_set=
ac_cv_env_LIBCURL_LIBS_value=
ac_cv_env_LIBS_set=
ac_cv_env_LIBS_value=
ac_cv_env_PKG_CONFIG_LIBDIR_set=
ac_cv_env_PKG_CONFIG_LIBDIR_value=
ac_cv_env_PKG_CONFIG_PATH_set=
ac_cv_env_PKG_CONFIG_PATH_value=
ac_cv_env_PKG_CONFIG_set=
ac_cv_env_PKG_CONFIG_value=
ac_cv_env_build_alias_set=
ac_cv_env_build_alias_value=
ac_cv_env_host_alias_set=
ac_cv_env_host_alias_value=
ac_cv_env_target_alias_set=
ac_cv_env_target_alias_value=
ac_cv_func_alloca_works=yes
ac_cv_func_memmem=yes
ac_cv_func_mmap=yes
ac_cv_func_mprotect=yes
ac_cv_func_sigaction=yes
ac_cv_func_sigaltstack=yes
ac_cv_func_siginterrupt=yes
ac_cv_func_sigprocmask=yes
ac_cv_have_decl_memmem=yes
ac_cv_have_decl_mempcpy=yes
ac_cv_have_decl_memrchr=yes
ac_cv_have_decl_rawmemchr=yes
ac_cv_have_decl_sigaction=yes
ac_cv_have_decl_sigaddset=yes
ac_cv_have_decl_sigdelset=yes
ac_cv_have_decl_sigemptyset=yes
ac_cv_have_decl_sigfillset=yes
ac_cv_have_decl_sigismember=yes
ac_cv_have_decl_sigpending=yes
ac_cv_have_decl_sigprocmask=yes
ac_cv_have_decl_stpcpy=yes
ac_cv_have_decl_stpncpy=yes
ac_cv_have_decl_strcasestr=yes
ac_cv_have_decl_strchrnul=yes
ac_cv_have_decl_strdup=yes
ac_cv_have_decl_strerror_r=yes
ac_cv_have_decl_strncat=yes
ac_cv_have_decl_strndup=yes
ac_cv_have_decl_strnlen=yes
ac_cv_have_decl_strpbrk=yes
ac_cv_have_decl_strsep=yes
ac_cv_have_decl_strsignal=yes
ac_cv_have_decl_strtok_r=yes
ac_cv_have_decl_strverscmp=yes
ac_cv_header_inttypes_h=yes
ac_cv_header_memory_h=yes
ac_cv_header_minix_config_h=no
ac_cv_header_stdc=yes
ac_cv_header_stdint_h=yes
ac_cv_header_stdlib_h=yes
ac_cv_header_string_h=yes
ac_cv_header_strings_h=yes
ac_cv_header_sys_mman_h=yes
ac_cv_header_sys_stat_h=yes
ac_cv_header_sys_types_h=yes
ac_cv_header_syslog_h=yes
ac_cv_header_unistd_h=yes
ac_cv_header_wchar_h=yes
ac_cv_host=i686-pc-linux-gnu
ac_cv_lib_jansson_json_loads=yes
ac_cv_lib_pthread_pthread_create=yes
ac_cv_member_struct_sigaction_sa_sigaction=yes
ac_cv_objext=o
ac_cv_path_EGREP='/bin/grep -E'
ac_cv_path_GREP=/bin/grep
ac_cv_path_YASM=false
ac_cv_path_ac_pt_PKG_CONFIG=/usr/bin/pkg-config
ac_cv_path_install='/usr/bin/install -c'
ac_cv_path_mkdir=/bin/mkdir
ac_cv_prog_AWK=mawk
ac_cv_prog_CPP='gcc -E'
ac_cv_prog_ac_ct_CC=gcc
ac_cv_prog_ac_ct_RANLIB=ranlib
ac_cv_prog_cc_c89=
ac_cv_prog_cc_g=yes
ac_cv_prog_cc_gcc_c_o=yes
ac_cv_prog_gcc_traditional=no
ac_cv_prog_make_make_set=yes
ac_cv_safe_to_define___extensions__=yes
ac_cv_search_addstr=no
ac_cv_target=i686-pc-linux-gnu
ac_cv_type_long_long_int=yes
ac_cv_type_sighandler_t=yes
ac_cv_type_size_t=yes
ac_cv_type_uid_t=yes
ac_cv_type_unsigned_long_long_int=yes
ac_cv_type_volatile_sig_atomic_t=yes
ac_cv_working_alloca_h=yes
am_cv_CC_dependencies_compiler_type=gcc3
am_cv_make_support_nested_variables=yes
gl_cv_c_multiarch=no
gl_cv_decl_null_works=yes
gl_cv_func_memchr_works=yes
gl_cv_func_memmem_works_always=yes
gl_cv_func_memmem_works_fast=yes
gl_cv_func_sigprocmask=1
gl_cv_have_include_next=yes
gl_cv_have_raw_decl_memmem=yes
gl_cv_have_raw_decl_mempcpy=yes
gl_cv_have_raw_decl_memrchr=yes
gl_cv_have_raw_decl_rawmemchr=yes
gl_cv_have_raw_decl_sigaction=yes
gl_cv_have_raw_decl_sigaddset=yes
gl_cv_have_raw_decl_sigdelset=yes
gl_cv_have_raw_decl_sigemptyset=yes
gl_cv_have_raw_decl_sigfillset=yes
gl_cv_have_raw_decl_sigismember=yes
gl_cv_have_raw_decl_sigpending=yes
gl_cv_have_raw_decl_sigprocmask=yes
gl_cv_have_raw_decl_stpcpy=yes
gl_cv_have_raw_decl_stpncpy=yes
gl_cv_have_raw_decl_strcasestr=yes
gl_cv_have_raw_decl_strchrnul=yes
gl_cv_have_raw_decl_strdup=yes
gl_cv_have_raw_decl_strerror_r=yes
gl_cv_have_raw_decl_strncat=yes
gl_cv_have_raw_decl_strndup=yes
gl_cv_have_raw_decl_strnlen=yes
gl_cv_have_raw_decl_strpbrk=yes
gl_cv_have_raw_decl_strsep=yes
gl_cv_have_raw_decl_strsignal=yes
gl_cv_have_raw_decl_strtok_r=yes
gl_cv_have_raw_decl_strverscmp=yes
gl_cv_header_working_stdint_h=yes
gl_cv_next_signal_h='<signal.h>'
gl_cv_next_stdint_h='<stdint.h>'
gl_cv_next_string_h='<string.h>'
gl_cv_pragma_columns=no
gt_cv_c_wchar_t=yes
pkg_cv_LIBCURL_CFLAGS=' '
pkg_cv_LIBCURL_LIBS='-lcurl  '

## ----------------- ##
## Output variables. ##
## ----------------- ##

ACLOCAL='${SHELL} /home/pengpeng/cgminer-2.7.4/missing --run aclocal-1.12'
ALLOCA=''
AMDEPBACKSLASH='\'
AMDEP_FALSE='#'
AMDEP_TRUE=''
AMTAR='$${TAR-tar}'
AM_BACKSLASH='\'
AM_DEFAULT_V='$(AM_DEFAULT_VERBOSITY)'
AM_DEFAULT_VERBOSITY='0'
AM_V='$(V)'
APPLE_UNIVERSAL_BUILD='0'
AUTOCONF='${SHELL} /home/pengpeng/cgminer-2.7.4/missing --run autoconf'
AUTOHEADER='${SHELL} /home/pengpeng/cgminer-2.7.4/missing --run autoheader'
AUTOMAKE='${SHELL} /home/pengpeng/cgminer-2.7.4/missing --run automake-1.12'
AWK='mawk'
BITSIZEOF_PTRDIFF_T=''
BITSIZEOF_SIG_ATOMIC_T=''
BITSIZEOF_SIZE_T=''
BITSIZEOF_WCHAR_T=''
BITSIZEOF_WINT_T=''
CC='gcc'
CCDEPMODE='depmode=gcc3'
CFLAGS='-g -O2'
CPP='gcc -E'
CPPFLAGS=''
CYGPATH_W='echo'
DEFS='-DHAVE_CONFIG_H'
DEPDIR='.deps'
DLOPEN_FLAGS=''
ECHO_C=''
ECHO_N='-n'
ECHO_T=''
EGREP='/bin/grep -E'
EXEEXT=''
GL_COND_LIBTOOL_FALSE=''
GL_COND_LIBTOOL_TRUE='#'
GL_GENERATE_STDDEF_H_FALSE=''
GL_GENERATE_STDDEF_H_TRUE='#'
GL_GENERATE_STDINT_H_FALSE=''
GL_GENERATE_STDINT_H_TRUE='#'
GNULIB_MBSCASECMP='0'
GNULIB_MBSCASESTR='0'
GNULIB_MBSCHR='0'
GNULIB_MBSCSPN='0'
GNULIB_MBSLEN='0'
GNULIB_MBSNCASECMP='0'
GNULIB_MBSNLEN='0'
GNULIB_MBSPBRK='0'
GNULIB_MBSPCASECMP='0'
GNULIB_MBSRCHR='0'
GNULIB_MBSSEP='0'
GNULIB_MBSSPN='0'
GNULIB_MBSSTR='0'
GNULIB_MBSTOK_R='0'
GNULIB_MEMCHR='1'
GNULIB_MEMMEM='1'
GNULIB_MEMPCPY='0'
GNULIB_MEMRCHR='0'
GNULIB_RAWMEMCHR='0'
GNULIB_SIGACTION='1'
GNULIB_SIGNAL_H_SIGPIPE='0'
GNULIB_SIGPROCMASK='1'
GNULIB_STPCPY='0'
GNULIB_STPNCPY='0'
GNULIB_STRCASESTR='0'
GNULIB_STRCHRNUL='0'
GNULIB_STRDUP='0'
GNULIB_STRERROR='0'
GNULIB_STRERROR_R='0'
GNULIB_STRNCAT='0'
GNULIB_STRNDUP='0'
GNULIB_STRNLEN='0'
GNULIB_STRPBRK='0'
GNULIB_STRSEP='0'
GNULIB_STRSIGNAL='0'
GNULIB_STRSTR='0'
GNULIB_STRTOK_R='0'
GNULIB_STRVERSCMP='0'
GREP='/bin/grep'
HAS_BITFORCE_FALSE=''
HAS_BITFORCE_TRUE='#'
HAS_CPUMINE_FALSE='#'
HAS_CPUMINE_TRUE=''
HAS_ICARUS_FALSE='#'
HAS_ICARUS_TRUE=''
HAS_MODMINER_FALSE=''
HAS_MODMINER_TRUE='#'
HAS_SCRYPT_FALSE=''
HAS_SCRYPT_TRUE='#'
HAS_YASM_FALSE=''
HAS_YASM_TRUE='#'
HAS_ZTEX_FALSE=''
HAS_ZTEX_TRUE='#'
HAVE_CURSES_FALSE=''
HAVE_CURSES_TRUE='#'
HAVE_DECL_MEMMEM='1'
HAVE_DECL_MEMRCHR='1'
HAVE_DECL_STRDUP='1'
HAVE_DECL_STRERROR_R='1'
HAVE_DECL_STRNDUP='1'
HAVE_DECL_STRNLEN='1'
HAVE_DECL_STRSIGNAL='1'
HAVE_DECL_STRTOK_R='1'
HAVE_INTTYPES_H='1'
HAVE_LIBUDEV_FALSE='#'
HAVE_LIBUDEV_TRUE=''
HAVE_LONG_LONG_INT='1'
HAVE_MBSLEN='0'
HAVE_MEMCHR='1'
HAVE_MEMPCPY='1'
HAVE_POSIX_SIGNALBLOCKING='1'
HAVE_RAWMEMCHR='1'
HAVE_SIGACTION='1'
HAVE_SIGHANDLER_T='1'
HAVE_SIGINFO_T='1'
HAVE_SIGNED_SIG_ATOMIC_T=''
HAVE_SIGNED_WCHAR_T=''
HAVE_SIGNED_WINT_T=''
HAVE_SIGSET_T='1'
HAVE_STDINT_H='1'
HAVE_STPCPY='1'
HAVE_STPNCPY='1'
HAVE_STRCASESTR='1'
HAVE_STRCHRNUL='1'
HAVE_STRPBRK='1'
HAVE_STRSEP='1'
HAVE_STRUCT_SIGACTION_SA_SIGACTION='1'
HAVE_STRVERSCMP='1'
HAVE_SYS_BITYPES_H=''
HAVE_SYS_INTTYPES_H=''
HAVE_SYS_TYPES_H='1'
HAVE_TYPE_VOLATILE_SIG_ATOMIC_T='1'
HAVE_UNSIGNED_LONG_LONG_INT='1'
HAVE_WCHAR_H='1'
HAVE_WCHAR_T='1'
HAVE_WINDOWS_FALSE=''
HAVE_WINDOWS_TRUE='#'
HAVE_x86_64_FALSE=''
HAVE_x86_64_TRUE='#'
INCLUDE_NEXT='include_next'
INCLUDE_NEXT_AS_FIRST_DIRECTIVE='include_next'
INSTALL_DATA='${INSTALL} -m 644'
INSTALL_PROGRAM='${INSTALL}'
INSTALL_SCRIPT='${INSTALL}'
INSTALL_STRIP_PROGRAM='$(install_sh) -c -s'
JANSSON_LIBS='-ljansson'
LDFLAGS=''
LIBCURL_CFLAGS=' '
LIBCURL_LIBS='-lcurl  '
LIBGNU_LIBDEPS=''
LIBGNU_LTLIBDEPS=''
LIBOBJS=''
LIBS='-lpthread '
LTLIBOBJS=''
MAINT='#'
MAINTAINER_MODE_FALSE=''
MAINTAINER_MODE_TRUE='#'
MAKEINFO='${SHELL} /home/pengpeng/cgminer-2.7.4/missing --run makeinfo'
MATH_LIBS='-lm'
MKDIR_P='/bin/mkdir -p'
NCURSES_LIBS=''
NEED_FPGAUTILS_FALSE='#'
NEED_FPGAUTILS_TRUE=''
NEXT_AS_FIRST_DIRECTIVE_SIGNAL_H='<signal.h>'
NEXT_AS_FIRST_DIRECTIVE_STDDEF_H=''
NEXT_AS_FIRST_DIRECTIVE_STDINT_H='<stdint.h>'
NEXT_AS_FIRST_DIRECTIVE_STRING_H='<string.h>'
NEXT_SIGNAL_H='<signal.h>'
NEXT_STDDEF_H=''
NEXT_STDINT_H='<stdint.h>'
NEXT_STRING_H='<string.h>'
OBJEXT='o'
OPENCL_FLAGS=''
OPENCL_LIBS=''
PACKAGE='cgminer'
PACKAGE_BUGREPORT='kernel@kolivas.org'
PACKAGE_NAME='cgminer'
PACKAGE_STRING='cgminer 2.7.4'
PACKAGE_TARNAME='cgminer'
PACKAGE_URL=''
PACKAGE_VERSION='2.7.4'
PATH_SEPARATOR=':'
PDCURSES_LIBS=''
PKG_CONFIG='/usr/bin/pkg-config'
PKG_CONFIG_LIBDIR=''
PKG_CONFIG_PATH=''
PRAGMA_COLUMNS=''
PRAGMA_SYSTEM_HEADER='#pragma GCC system_header'
PTHREAD_FLAGS='-lpthread'
PTHREAD_LIBS='-lpthread'
PTRDIFF_T_SUFFIX=''
RANLIB='ranlib'
REPLACE_MEMCHR='0'
REPLACE_MEMMEM='0'
REPLACE_NULL='0'
REPLACE_STPNCPY='0'
REPLACE_STRCASESTR='0'
REPLACE_STRCHRNUL='0'
REPLACE_STRDUP='0'
REPLACE_STRERROR='0'
REPLACE_STRERROR_R='0'
REPLACE_STRNCAT='0'
REPLACE_STRNDUP='0'
REPLACE_STRNLEN='0'
REPLACE_STRSIGNAL='0'
REPLACE_STRSTR='0'
REPLACE_STRTOK_R='0'
SET_MAKE=''
SHELL='/bin/bash'
SIG_ATOMIC_T_SUFFIX=''
SIZE_T_SUFFIX=''
STDDEF_H=''
STDINT_H=''
STRIP=''
UDEV_LIBS=''
UNDEFINE_STRTOK_R='0'
USB_FLAGS=''
USB_LIBS=''
VERSION='2.7.4'
VMAJ='2'
WANT_JANSSON_FALSE=''
WANT_JANSSON_TRUE='#'
WCHAR_T_SUFFIX=''
WINT_T_SUFFIX=''
WS2_LIBS=''
YASM='false'
ac_ct_CC='gcc'
am__EXEEXT_FALSE=''
am__EXEEXT_TRUE='#'
am__fastdepCC_FALSE='#'
am__fastdepCC_TRUE=''
am__include='include'
am__isrc=''
am__leading_dot='.'
am__nodep='_no'
am__quote=''
am__tar='$${TAR-tar} chof - "$$tardir"'
am__untar='$${TAR-tar} xf -'
bindir='${exec_prefix}/bin'
build='i686-pc-linux-gnu'
build_alias=''
build_cpu='i686'
build_os='linux-gnu'
build_vendor='pc'
datadir='${datarootdir}'
datarootdir='${prefix}/share'
docdir='${datarootdir}/doc/${PACKAGE_TARNAME}'
dvidir='${docdir}'
exec_prefix='${prefix}'
gl_LIBOBJS=''
gl_LTLIBOBJS=''
gltests_LIBOBJS=''
gltests_LTLIBOBJS=''
gltests_WITNESS='IN_CGMINER_GNULIB_TESTS'
host='i686-pc-linux-gnu'
host_alias=''
host_cpu='i686'
host_os='linux-gnu'
host_vendor='pc'
htmldir='${docdir}'
includedir='${prefix}/include'
infodir='${datarootdir}/info'
install_sh='${SHELL} /home/pengpeng/cgminer-2.7.4/install-sh'
libdir='${exec_prefix}/lib'
libexecdir='${exec_prefix}/libexec'
localedir='${datarootdir}/locale'
localstatedir='${prefix}/var'
mandir='${datarootdir}/man'
mkdir_p='$(MKDIR_P)'
oldincludedir='/usr/include'
pdfdir='${docdir}'
prefix='/usr/local'
program_transform_name='s,x,x,'
psdir='${docdir}'
release_info=''
sbindir='${exec_prefix}/sbin'
sharedstatedir='${prefix}/com'
sysconfdir='${prefix}/etc'
target='i686-pc-linux-gnu'
target_alias=''
target_cpu='i686'
target_os='linux-gnu'
target_vendor='pc'
version_info='9:4:7'

## ----------- ##
## confdefs.h. ##
## ----------- ##

/* confdefs.h */
#define PACKAGE_NAME "cgminer"
#define PACKAGE_TARNAME "cgminer"
#define PACKAGE_VERSION "2.7.4"
#define PACKAGE_STRING "cgminer 2.7.4"
#define PACKAGE_BUGREPORT "kernel@kolivas.org"
#define PACKAGE_URL ""
#define PACKAGE "cgminer"
#define VERSION "2.7.4"
#define STDC_HEADERS 1
#define HAVE_SYS_TYPES_H 1
#define HAVE_SYS_STAT_H 1
#define HAVE_STDLIB_H 1
#define HAVE_STRING_H 1
#define HAVE_MEMORY_H 1
#define HAVE_STRINGS_H 1
#define HAVE_INTTYPES_H 1
#define HAVE_STDINT_H 1
#define HAVE_UNISTD_H 1
#define __EXTENSIONS__ 1
#define _ALL_SOURCE 1
#define _GNU_SOURCE 1
#define _POSIX_PTHREAD_SEMANTICS 1
#define _TANDEM_SOURCE 1
#define CGMINER_MAJOR_VERSION 2
#define CGMINER_MINOR_VERSION 7
#define CGMINER_MINOR_SUBVERSION 4
#define HAVE_SYS_MMAN_H 1
#define HAVE_WCHAR_H 1
#define HAVE_STDINT_H 1
#define HAVE_MPROTECT 1
#define HAVE_SIGACTION 1
#define HAVE_SIGALTSTACK 1
#define HAVE_SIGINTERRUPT 1
#define HAVE_MAP_ANONYMOUS 1
#define HAVE_DECL_MEMMEM 1
#define HAVE_MEMMEM 1
#define restrict __restrict
#define HAVE_WCHAR_T 1
#define HAVE_UNSIGNED_LONG_LONG_INT 1
#define HAVE_LONG_LONG_INT 1
#define HAVE_RAW_DECL_MEMMEM 1
#define HAVE_RAW_DECL_MEMPCPY 1
#define HAVE_RAW_DECL_MEMRCHR 1
#define HAVE_RAW_DECL_RAWMEMCHR 1
#define HAVE_RAW_DECL_STPCPY 1
#define HAVE_RAW_DECL_STPNCPY 1
#define HAVE_RAW_DECL_STRCHRNUL 1
#define HAVE_RAW_DECL_STRDUP 1
#define HAVE_RAW_DECL_STRNCAT 1
#define HAVE_RAW_DECL_STRNDUP 1
#define HAVE_RAW_DECL_STRNLEN 1
#define HAVE_RAW_DECL_STRPBRK 1
#define HAVE_RAW_DECL_STRSEP 1
#define HAVE_RAW_DECL_STRCASESTR 1
#define HAVE_RAW_DECL_STRTOK_R 1
#define HAVE_RAW_DECL_STRERROR_R 1
#define HAVE_RAW_DECL_STRSIGNAL 1
#define HAVE_RAW_DECL_STRVERSCMP 1
#define GNULIB_TEST_MEMCHR 1
#define HAVE_MEMMEM 1
#define GNULIB_TEST_MEMMEM 1
#define HAVE_STRUCT_SIGACTION_SA_SIGACTION 1
#define GNULIB_TEST_SIGACTION 1
#define HAVE_RAW_DECL_SIGACTION 1
#define HAVE_RAW_DECL_SIGADDSET 1
#define HAVE_RAW_DECL_SIGDELSET 1
#define HAVE_RAW_DECL_SIGEMPTYSET 1
#define HAVE_RAW_DECL_SIGFILLSET 1
#define HAVE_RAW_DECL_SIGISMEMBER 1
#define HAVE_RAW_DECL_SIGPENDING 1
#define HAVE_RAW_DECL_SIGPROCMASK 1
#define GNULIB_TEST_SIGPROCMASK 1
#define STDC_HEADERS 1
#define HAVE_SYSLOG_H 1
#define HAVE_ALLOCA_H 1
#define HAVE_ALLOCA 1
#define WANT_CPUMINE 1
#define HAVE_LIBPTHREAD 1
#define USE_ICARUS 1
#define CURL_HAS_SOCKOPT 1
#define HAVE_ATTRIBUTE_COLD 1
#define HAVE_ATTRIBUTE_CONST 1
#define HAVE_ATTRIBUTE_NORETURN 1
#define HAVE_ATTRIBUTE_PRINTF 1
#define HAVE_ATTRIBUTE_UNUSED 1
#define HAVE_ATTRIBUTE_USED 1
#define HAVE_BUILTIN_CONSTANT_P 1
#define HAVE_BUILTIN_TYPES_COMPATIBLE_P 1
#define HAVE_WARN_UNUSED_RESULT 1
#define CGMINER_PREFIX "/usr/local/bin"
#define PHATK_KERNNAME "phatk120823"
#define POCLBM_KERNNAME "poclbm120823"
#define DIAKGCN_KERNNAME "diakgcn120823"
#define DIABLO_KERNNAME "diablo120823"
#define SCRYPT_KERNNAME "scrypt120823"

configure: exit 0
